Fri 08:47AM[1;36;49m Cosrin Comings and goings:[0;37;49m [1;33;49mKuziqudiq[0;37;49m has Logged out
Fri 08:47AM[1;36;49m Cosrin Comings and goings:[0;37;49m [1;33;49mKuziqudiq[0;37;49m has Logged in
Fri 08:47AM[22;38;5;208m Vim caught[1;32;49m Kuziqudiq says[0;37;49m 'Sa '
Fri 08:47AM[22;38;5;208m Vim caught[1;32;49m Vim says[0;37;49m 'S '
Fri 09:03AM[22;38;5;208m Micander caught[1;32;49m Vim[0;37;49m tells you: 'Asd'
Fri 09:29AM[1;36;49m Cosrin Comings and goings:[0;37;49m [1;33;49mLunar[0;37;49m has Logged out
Fri 09:31AM[1;36;49m Cosrin Comings and goings:[0;37;49m [1;33;49mKuziqudiq[0;37;49m has Logged out
Fri 09:31AM[1;36;49m Cosrin Comings and goings:[0;37;49m [1;33;49mVim[0;37;49m has Logged out
Fri 10:08AM[1;36;49m Cosrin Comings and goings:[0;37;49m [1;33;49mLunar[0;37;49m has Logged in
Fri 10:08AM[1;36;49m Cosrin Comings and goings:[0;37;49m [1;33;49mLunar[0;37;49m has Logged out
Fri 10:09AM[1;36;49m Cosrin Comings and goings:[0;37;49m [1;33;49mWrath[0;37;49m has Logged in
Fri 10:09AM[1;36;49m Cosrin Comings and goings:[0;37;49m [1;33;49mTaurus[0;37;49m has Logged in
Fri 10:28AM[1;36;49m Cosrin Comings and goings:[0;37;49m [1;33;49mVim[0;37;49m has Logged in
Fri 10:29AM[1;36;49m Cosrin Comings and goings:[0;37;49m [1;33;49mTaurus[0;37;49m has Logged out
Fri 10:33AM[1;36;49m Cosrin Comings and goings:[0;37;49m [1;33;49mCastin[0;37;49m has Logged in
Fri 10:34AM[1;36;49m Cosrin Comings and goings:[0;37;49m [1;33;49mCastin[0;37;49m has Logged out
Fri 10:35AM[22;38;5;208m Micander caught[1;32;49m Wrath[0;37;49m tells you: 'Hello'
Fri 10:35AM[22;38;5;208m Micander caught[1;32;49m Wrath[0;37;49m tells you: 'Grats'
Fri 11:15AM[1;36;49m Cosrin Comings and goings:[0;37;49m [1;33;49mWrath[0;37;49m has Logged out
Fri 11:15AM[1;36;49m Cosrin Comings and goings:[0;37;49m [1;33;49mPyre[0;37;49m has Logged in
Fri 11:20AM[1;36;49m Cosrin Comings and goings:[0;37;49m [1;33;49mPyre[0;37;49m has Logged out
Fri 12:01PM[1;36;49m Cosrin Comings and goings:[0;37;49m [1;33;49mRune[0;37;49m has Logged in
Fri 12:04PM[22;38;5;208m Micander caught[1;32;49m Micander says[0;37;49m 'Thanks '
Fri 12:04PM[22;38;5;208m Micander caught[1;32;49m Rune says[0;37;49m 'Anytime '
Fri 12:04PM[22;38;5;208m Micander caught[1;32;49m Micander says[0;37;49m 'Perfect '
Fri 12:33PM[1;36;49m Cosrin Comings and goings:[0;37;49m [1;33;49mRune[0;37;49m has Logged out
Fri 01:03PM[1;36;49m Cosrin Comings and goings:[0;37;49m [1;33;49mRune[0;37;49m has Logged in
Fri 01:04PM[22;38;5;208m Micander caught[1;32;49m Rune[0;37;49m tells you: 'That enchant make things easier?'
Fri 01:14PM[22;38;5;208m Micander caught[1;32;49m Rune[0;37;49m tells you: 'Fir/ice/electric is gl15, entangle is gl52'
Fri 01:14PM[22;38;5;208m Micander caught[1;32;49m Rune[0;37;49m tells you: 'So always make sure your guild level is not far behind your land level'
Fri 01:14PM[22;38;5;208m Micander caught[1;32;49m Rune[0;37;49m tells you: 'Each guild portal increased your skills and spells and opens up more too'
Fri 01:20PM[1;36;49m Cosrin Comings and goings:[0;37;49m [1;33;49mLunar[0;37;49m has Logged in
Fri 01:32PM[22;38;5;208m Micander caught[1;32;49m Micander says[0;37;49m '? '
Fri 01:33PM[22;38;5;208m Micander caught[1;32;49m Micander says[0;37;49m 'L '
Fri 01:36PM[22;38;5;208m Micander caught[1;32;49m Micander says[0;37;49m 'Yay '
Fri 01:38PM[22;38;5;208m Micander caught[1;32;49m Micander says[0;37;49m 'Thanks '
Fri 02:20PM[1;36;49m Cosrin Comings and goings:[0;37;49m [1;33;49mRune[0;37;49m has Logged out
Fri 03:02PM[1;36;49m Cosrin Comings and goings:[0;37;49m [1;33;49mKhonsu[0;37;49m has Logged out
Fri 10:46PM[22;38;5;208m Micander caught[1;32;49m Doc[0;37;49m tells you: 'Sure'
Fri 10:50PM[22;38;5;208m Micander caught[1;32;49m Doc[0;37;49m tells you: 'Send doc a tell saying 85. He will cast fire enchant on the weapon you are holding right hand'
Fri 10:50PM[22;38;5;208m Micander caught[1;32;49m Doc[0;37;49m tells you: 'Let me know if you need anyhting else'
Sat 07:59AM[1;36;49m Cosrin Comings and goings:[0;37;49m [1;33;49mMyst[0;37;49m has Logged in
Sat 08:25AM[1;36;49m Cosrin Comings and goings:[0;37;49m [1;33;49mRune[0;37;49m has Logged in
Sat 11:26AM[1;36;49m Cosrin Comings and goings:[0;37;49m [1;33;49mLunar[0;37;49m has Logged in
Sat 11:34AM[1;36;49m Cosrin Comings and goings:[0;37;49m [1;33;49mLunar[0;37;49m has Logged out
Sat 11:48AM[1;36;49m Cosrin Comings and goings:[0;37;49m [1;33;49mMyst[0;37;49m has Logged out
Sat 12:15PM[22;38;5;208m Micander caught[1;32;49m Doc[0;37;49m tells you: 'Is it working?'
Sat 12:15PM[22;38;5;208m Micander caught[1;32;49m Doc[0;37;49m tells you: 'Next ime you come there will be a sword on the floor for you'
Sat 12:41PM[1;36;49m Cosrin Comings and goings:[0;37;49m [1;33;49mVim[0;37;49m has Logged in
Sat 12:41PM[1;36;49m Cosrin Comings and goings:[0;37;49m [1;33;49mVim[0;37;49m has Logged out
Sat 12:42PM[1;36;49m Cosrin Comings and goings:[0;37;49m [1;33;49mVim[0;37;49m has Logged in
Sat 12:43PM[1;36;49m Cosrin Comings and goings:[0;37;49m [1;33;49mKuziqudiq[0;37;49m has Logged in
Sun 01:44PM[22;38;5;208m Micander caught[1;32;49m Micander says[0;37;49m 'Asd '
Sun 01:44PM[22;38;5;208m Vim caught[1;32;49m Micander says[0;37;49m 'Asd '
Sun 01:46PM[22;38;5;208m Vim caught[1;32;49m Micander says[0;37;49m 'Asd '
Sun 01:46PM[22;38;5;208m Vim caught[1;32;49m Vim says[0;37;49m 'Asdsd '
Sun 01:46PM[22;38;5;208m Micander caught[1;32;49m Vim says[0;37;49m 'Asdsd '
Sun 01:48PM[22;38;5;208m Micander caught[1;32;49m Vim says[0;37;49m 'E '
Sun 02:18PM[1;36;49m Cosrin Comings and goings:[0;37;49m [1;33;49mKuziqudiq[0;37;49m has Logged in
Sun 03:34PM[22;38;5;208m Vim caught[1;32;49m Kuziqudiq says[0;37;49m 'H '
Sun 03:36PM[1;32;49m Vim[0;37;49m chats 'Is there a command to see other players' health information?'
Sun 03:43PM[1;36;49m Cosrin Event:[0;37;49m [1;33;49mKuziqudiq[0;37;49m has gained a level
Sun 04:06PM[1;36;49m Cosrin Event:[0;37;49m [1;33;49mWildy[0;37;49m has gained a level
Sun 05:36PM[1;36;49m Cosrin Event:[0;37;49m [1;33;49mWildy[0;37;49m has gained a level
Sun 05:51PM[1;36;49m Cosrin Comings and goings:[0;37;49m [1;33;49mZigon[0;37;49m has Logged in
Sun 05:51PM[1;32;49m Wildy[0;37;49m chats 'Follow then use group command?'
Sun 05:53PM[1;36;49m Cosrin Comings and goings:[0;37;49m [1;33;49mZigon[0;37;49m has Logged out
Sun 07:00PM[1;36;49m Cosrin Comings and goings:[0;37;49m [1;33;49mDurbek[0;37;49m has Logged in
Sun 07:00PM[1;36;49m Cosrin Comings and goings:[0;37;49m [1;33;49mDurbek[0;37;49m has Logged in
Mon 09:48am[1;36;49m Cosrin Comings and goings:[0;37;49m [1;33;49mMicander[0;37;49m has Logged in
Mon 10:20am[1;36;49m Cosrin Comings and goings:[0;37;49m [1;33;49mCastin[0;37;49m has Logged in
Mon 10:44am[1;36;49m Cosrin Event:[0;37;49m [1;33;49mWildy[0;37;49m has gained a level
Mon 11:18am[1;36;49m Cosrin Event:[0;37;49m [1;33;49mKuziqudiq[0;37;49m has gained a level
Mon 11:30am[1;36;49m Cosrin Comings and goings:[0;37;49m [1;33;49mCastin[0;37;49m has Logged out
Mon 12:49pm[1;36;49m Cosrin Comings and goings:[0;37;49m [1;33;49mVim[0;37;49m has Logged in
Mon 02:49pm[1;36;49m Cosrin Comings and goings:[0;37;49m [1;33;49mVim[0;37;49m has Logged out
Mon 02:49pm[1;36;49m Cosrin Comings and goings:[0;37;49m [1;33;49mVim[0;37;49m has Logged in
Mon 04:16pm[1;36;49m Cosrin Comings and goings:[0;37;49m [1;33;49mWildy[0;37;49m has Logged out
Mon 04:18pm[1;36;49m Cosrin Comings and goings:[0;37;49m [1;33;49mMurzade[0;37;49m has Logged in
[1;32;49m Murzade[0;37;49m chats ' Hey all'
Mon 05:01pm[1;36;49m Cosrin Comings and goings:[0;37;49m [1;33;49mMurzade[0;37;49m has Logged out
Mon 07:24pm[1;36;49m Cosrin Comings and goings:[0;37;49m [1;33;49mKuziqudiq[0;37;49m has Logged out
Mon 08:32pm[1;36;49m Cosrin Comings and goings:[0;37;49m [1;33;49mAdelger[0;37;49m has Logged in
Mon 08:32pm[1;36;49m Cosrin Comings and goings:[0;37;49m [1;33;49mAghamon[0;37;49m has Logged in
Mon 08:33pm[1;36;49m Cosrin Comings and goings:[0;37;49m [1;33;49mCorazor[0;37;49m has Logged in
Mon 08:33pm[1;36;49m Cosrin Comings and goings:[0;37;49m [1;33;49mElromir[0;37;49m has Logged in
Mon 08:33pm[1;36;49m Cosrin Comings and goings:[0;37;49m [1;33;49mElromir[0;37;49m has Logged out
Mon 08:33pm[1;36;49m Cosrin Comings and goings:[0;37;49m [1;33;49mZernalon[0;37;49m has Logged in
Mon 08:33pm[1;36;49m Cosrin Comings and goings:[0;37;49m [1;33;49mMaldibion[0;37;49m has Logged in
Mon 08:34pm[1;36;49m Cosrin Comings and goings:[0;37;49m [1;33;49mWheezy[0;37;49m has Logged in
Mon 08:34pm[1;36;49m Cosrin Comings and goings:[0;37;49m [1;33;49mMornoran[0;37;49m has Logged in
Mon 10:48pm[1;36;49m Cosrin Comings and goings:[0;37;49m [1;33;49mZaefla[0;37;49m has Logged in
Mon 10:48pm[1;36;49m Cosrin Comings and goings:[0;37;49m [1;33;49mZaefla[0;37;49m has Logged out
Tue 12:02am[1;36;49m Cosrin Comings and goings:[0;37;49m [1;33;49mCorazor[0;37;49m has Logged out
Tue 12:19am[1;36;49m Cosrin Event:[0;37;49m [1;33;49mAdelger[0;37;49m has been killed by a blow from a Spirit beast
Tue 06:28am[1;36;49m Cosrin Comings and goings:[0;37;49m [1;33;49mMicander[0;37;49m has Logged in
Tue 06:29am[1;36;49m Cosrin Comings and goings:[0;37;49m [1;33;49mVim[0;37;49m has Logged in
Tue 06:29am[1;36;49m Cosrin Comings and goings:[0;37;49m [1;33;49mKuziqudiq[0;37;49m has Logged in
Tue 07:00am[1;36;49m Cosrin Event:[0;37;49m [1;33;49mWildy[0;37;49m has gained a level
Tue 07:40am[1;36;49m Cosrin Event:[0;37;49m [1;33;49mVim[0;37;49m has been killed by a blow from a Athletic Kobold
Tue 07:47am[1;36;49m Cosrin Comings and goings:[0;37;49m [1;33;49mVim[0;37;49m has Logged out
Tue 07:47am[1;36;49m Cosrin Comings and goings:[0;37;49m [1;33;49mVim[0;37;49m has Logged in
Tue 09:57am[1;36;49m Cosrin Comings and goings:[0;37;49m [1;33;49mElromir[0;37;49m has Logged in
Tue 09:58am[1;36;49m Cosrin Comings and goings:[0;37;49m [1;33;49mElromir[0;37;49m has Logged out
Tue 10:04am[1;36;49m Cosrin Event:[0;37;49m [1;33;49mWildy[0;37;49m has gained a level
Tue 10:28am[1;36;49m Cosrin Comings and goings:[0;37;49m [1;33;49mCastin[0;37;49m has Logged in
Tue 10:28am[1;32;49mA deafening male voice[0;37;49m guild shouts 'hello mages <<Castin>>'
Tue 10:51am[1;36;49m Cosrin Comings and goings:[0;37;49m [1;33;49mKuziqudiq[0;37;49m has Logged out
